<?xml version="1.0" encoding="UTF-8"?>
<!-- Generated by org.testng.reporters.JUnitReportReporter -->
<testsuite hostname="DESKTOP-GLJ4AI4" failures="0" tests="1" name="demoSeleniumIDE.ValidatetheRegistrationPageTest" time="50.169" errors="0" timestamp="2021-12-17T13:36:06 IST" skipped="0">
  <testcase classname="demoSeleniumIDE.ValidatetheRegistrationPageTest" name="validatetheRegistrationPage" time="50.169"/>
  <system-out/>
</testsuite> <!-- demoSeleniumIDE.ValidatetheRegistrationPageTest -->
