<?xml version="1.0" encoding="UTF-8"?>
<!-- Generated by org.testng.reporters.JUnitReportReporter -->
<testsuite hostname="BDC7-L-1346QQM" failures="0" tests="1" name="launchChrome.SelDemoIE" time="3.528" errors="0" timestamp="2021-12-01T08:40:36 IST" skipped="0">
  <testcase classname="launchChrome.SelDemoIE" name="openApplication" time="3.528"/>
  <system-out/>
</testsuite> <!-- launchChrome.SelDemoIE -->
