<?xml version="1.0" encoding="UTF-8"?>
<!-- Generated by org.testng.reporters.JUnitReportReporter -->
<testsuite hostname="DESKTOP-GLJ4AI4" failures="0" tests="1" name="demoExtentReport.ExtentDemo" time="24.342" errors="0" timestamp="2021-12-17T15:59:04 IST" skipped="0">
  <testcase classname="demoExtentReport.ExtentDemo" name="extentReportsDemo" time="24.342"/>
  <system-out/>
</testsuite> <!-- demoExtentReport.ExtentDemo -->
