<?xml version="1.0" encoding="UTF-8"?>
<!-- Generated by org.testng.reporters.JUnitReportReporter -->
<testsuite hostname="BDC7-L-1346QQM" failures="0" tests="1" name="launchChrome.LocatorsDemo" time="25.282" errors="0" timestamp="2021-12-06T08:08:39 IST" skipped="0">
  <testcase classname="launchChrome.LocatorsDemo" name="demoGetMethods" time="25.282"/>
  <system-out/>
</testsuite> <!-- launchChrome.LocatorsDemo -->
