<?xml version="1.0" encoding="UTF-8"?>
<!-- Generated by org.testng.reporters.JUnitReportReporter -->
<testsuite hostname="DESKTOP-GLJ4AI4" failures="0" tests="1" name="demoAjaxEvents.Ajaxdemo" time="14.718" errors="0" timestamp="2021-12-15T16:00:37 IST" skipped="0">
  <testcase classname="demoAjaxEvents.Ajaxdemo" name="test_AjaxExample" time="14.718"/>
  <system-out/>
</testsuite> <!-- demoAjaxEvents.Ajaxdemo -->
