<?xml version="1.0" encoding="UTF-8"?>
<!-- Generated by org.testng.reporters.JUnitReportReporter -->
<testsuite hostname="BDC7-L-1346QQM" failures="0" tests="4" name="launchChrome.SelDemo" time="3.655" errors="0" timestamp="2021-12-03T09:04:34 IST" skipped="0">
  <testcase classname="launchChrome.SelDemo" name="openApplication" time="0.781"/>
  <system-out/>
  <testcase classname="launchChrome.SelDemo" name="enterUserName" time="0.374"/>
  <system-out/>
  <testcase classname="launchChrome.SelDemo" name="enterPassword" time="0.314"/>
  <system-out/>
  <testcase classname="launchChrome.SelDemo" name="ClickButton" time="2.186"/>
  <system-out/>
</testsuite> <!-- launchChrome.SelDemo -->
