<?xml version="1.0" encoding="UTF-8"?>
<!-- Generated by org.testng.reporters.JUnitReportReporter -->
<testsuite hostname="DESKTOP-GLJ4AI4" failures="0" tests="6" name="demoDataDrivenTesting.ExcelExample" time="144.576" errors="0" timestamp="2021-12-15T16:04:34 IST" skipped="0">
  <testcase classname="demoDataDrivenTesting.ExcelExample" name="demoClass" time="23.528"/>
  <system-out/>
  <testcase classname="demoDataDrivenTesting.ExcelExample" name="demoClass" time="25.026"/>
  <system-out/>
  <testcase classname="demoDataDrivenTesting.ExcelExample" name="demoClass" time="24.103"/>
  <system-out/>
  <testcase classname="demoDataDrivenTesting.ExcelExample" name="demoClass" time="23.867"/>
  <system-out/>
  <testcase classname="demoDataDrivenTesting.ExcelExample" name="demoClass" time="23.445"/>
  <system-out/>
  <testcase classname="demoDataDrivenTesting.ExcelExample" name="demoClass" time="24.607"/>
  <system-out/>
</testsuite> <!-- demoDataDrivenTesting.ExcelExample -->
