<?xml version="1.0" encoding="UTF-8"?>
<!-- Generated by org.testng.reporters.JUnitReportReporter -->
<testsuite hostname="BDC7-L-1346QQM" failures="0" tests="6" name="demoDataDrivenTesting.ExcelExample" time="161.314" errors="0" timestamp="2021-12-10T11:44:56 IST" skipped="0">
  <testcase classname="demoDataDrivenTesting.ExcelExample" name="demoClass" time="25.955"/>
  <system-out/>
  <testcase classname="demoDataDrivenTesting.ExcelExample" name="demoClass" time="25.375"/>
  <system-out/>
  <testcase classname="demoDataDrivenTesting.ExcelExample" name="demoClass" time="27.848"/>
  <system-out/>
  <testcase classname="demoDataDrivenTesting.ExcelExample" name="demoClass" time="28.808"/>
  <system-out/>
  <testcase classname="demoDataDrivenTesting.ExcelExample" name="demoClass" time="27.912"/>
  <system-out/>
  <testcase classname="demoDataDrivenTesting.ExcelExample" name="demoClass" time="25.416"/>
  <system-out/>
</testsuite> <!-- demoDataDrivenTesting.ExcelExample -->
