<?xml version="1.0" encoding="UTF-8"?>
<!-- Generated by org.testng.reporters.JUnitReportReporter -->
<testsuite hostname="BDC7-L-1346QQM" failures="0" tests="1" name="demoAjaxEvents.Ajaxdemo" time="0.308" errors="0" timestamp="2021-12-10T18:27:11 IST" skipped="0">
  <testcase classname="demoAjaxEvents.Ajaxdemo" name="test_AjaxExample" time="0.308"/>
  <system-out/>
</testsuite> <!-- demoAjaxEvents.Ajaxdemo -->
