<?xml version="1.0" encoding="UTF-8"?>
<!-- Generated by org.testng.reporters.JUnitReportReporter -->
<testsuite hostname="BDC7-L-1346QQM" failures="0" tests="1" name="demoExtentReport.ExtentDemo" time="14.176" errors="0" timestamp="2021-12-12T09:08:19 IST" skipped="0">
  <testcase classname="demoExtentReport.ExtentDemo" name="extentReportsDemo" time="14.176"/>
  <system-out/>
</testsuite> <!-- demoExtentReport.ExtentDemo -->
